mode: set
expensetracker/cmd/server/main.go:36.13,52.2 11 0
expensetracker/cmd/server/main.go:52.2,57.3 4 0
expensetracker/cmd/server/main.go:57.3,64.4 6 0
expensetracker/cmd/server/main.go:67.2,75.75 4 0
expensetracker/cmd/server/main.go:75.75,77.3 1 0
expensetracker/config/config.go:17.27,22.2 1 0
expensetracker/config/config.go:24.44,26.16 2 0
expensetracker/config/config.go:26.16,28.3 1 0
expensetracker/config/config.go:29.2,30.16 2 0
expensetracker/config/config.go:30.16,32.3 1 0
expensetracker/config/config.go:33.2,33.11 1 0
expensetracker/docs/docs.go:423.13,425.2 1 0
expensetracker/middleware/auth.go:11.52,12.30 1 0
expensetracker/middleware/auth.go:12.30,14.23 2 0
expensetracker/middleware/auth.go:14.23,17.4 2 0
expensetracker/middleware/auth.go:19.3,20.81 2 0
expensetracker/middleware/auth.go:20.81,22.4 1 0
expensetracker/middleware/auth.go:24.3,24.33 1 0
expensetracker/middleware/auth.go:24.33,27.4 2 0
expensetracker/middleware/auth.go:29.3,31.11 3 0
expensetracker/middleware/ratelimiter.go:51.36,54.30 2 0
expensetracker/middleware/ratelimiter.go:54.30,56.20 2 0
expensetracker/middleware/ratelimiter.go:56.20,59.4 2 0
expensetracker/middleware/ratelimiter.go:61.3,68.17 6 0
expensetracker/middleware/ratelimiter.go:68.17,73.4 2 0
expensetracker/middleware/ratelimiter.go:76.3,77.11 2 0
expensetracker/middleware/ratelimiter.go:81.16,82.6 1 0
expensetracker/middleware/ratelimiter.go:82.6,87.3 4 0
expensetracker/repository/expense_repository.go:24.58,26.2 1 0
expensetracker/repository/expense_repository.go:28.61,30.2 1 0
expensetracker/repository/expense_repository.go:32.70,36.2 3 0
expensetracker/repository/expense_repository.go:38.61,40.2 1 0
expensetracker/repository/expense_repository.go:42.50,44.2 1 0
expensetracker/repository/expense_repository.go:46.125,50.34 3 0
expensetracker/repository/expense_repository.go:50.34,52.3 1 0
expensetracker/repository/expense_repository.go:54.2,55.22 2 0
expensetracker/repository/expense_repository.go:58.94,65.16 2 0
expensetracker/repository/expense_repository.go:65.16,67.3 1 0
expensetracker/repository/expense_repository.go:68.2,71.18 3 0
expensetracker/repository/expense_repository.go:71.18,74.54 3 0
expensetracker/repository/expense_repository.go:74.54,76.4 1 0
expensetracker/repository/expense_repository.go:77.3,77.28 1 0
expensetracker/repository/expense_repository.go:79.2,79.21 1 0
expensetracker/repository/expense_repository.go:24.58,26.2 1 0
expensetracker/repository/expense_repository.go:28.61,30.2 1 0
expensetracker/repository/expense_repository.go:32.70,36.2 3 0
expensetracker/repository/expense_repository.go:38.61,40.2 1 0
expensetracker/repository/expense_repository.go:42.50,44.2 1 0
expensetracker/repository/expense_repository.go:46.125,50.34 3 0
expensetracker/repository/expense_repository.go:50.34,52.3 1 0
expensetracker/repository/expense_repository.go:54.2,55.22 2 0
expensetracker/repository/expense_repository.go:58.94,65.16 2 0
expensetracker/repository/expense_repository.go:65.16,67.3 1 0
expensetracker/repository/expense_repository.go:68.2,71.18 3 0
expensetracker/repository/expense_repository.go:71.18,74.54 3 0
expensetracker/repository/expense_repository.go:74.54,76.4 1 0
expensetracker/repository/expense_repository.go:77.3,77.28 1 0
expensetracker/repository/expense_repository.go:79.2,79.21 1 0
expensetracker/services/auth_service.go:20.48,22.2 1 0
expensetracker/services/auth_service.go:24.72,28.51 2 0
expensetracker/services/auth_service.go:28.51,30.3 1 0
expensetracker/services/auth_service.go:37.2,44.16 4 0
expensetracker/services/auth_service.go:44.16,46.3 1 0
expensetracker/services/auth_service.go:48.2,48.25 1 0
expensetracker/services/expense_service.go:24.74,26.2 1 1
expensetracker/services/expense_service.go:28.64,31.2 2 0
expensetracker/services/expense_service.go:33.73,35.2 1 0
expensetracker/services/expense_service.go:37.64,39.2 1 1
expensetracker/services/expense_service.go:41.53,43.2 1 1
expensetracker/services/expense_service.go:45.131,47.18 2 1
expensetracker/services/expense_service.go:47.18,49.3 1 1
expensetracker/services/expense_service.go:50.2,50.20 1 1
expensetracker/services/expense_service.go:50.20,52.3 1 1
expensetracker/services/expense_service.go:53.2,53.20 1 1
expensetracker/services/expense_service.go:53.20,55.3 1 1
expensetracker/services/expense_service.go:56.2,56.54 1 1
expensetracker/services/expense_service.go:59.120,61.16 2 1
expensetracker/services/expense_service.go:61.16,63.3 1 1
expensetracker/services/expense_service.go:64.2,64.53 1 1
expensetracker/services/expense_service.go:64.53,67.3 1 1
expensetracker/services/expense_service.go:68.2,68.17 1 1
expensetracker/services/expense_service.go:71.82,75.30 4 1
expensetracker/services/expense_service.go:75.30,77.3 1 1
expensetracker/services/expense_service.go:78.2,78.18 1 1
expensetracker/handlers/auth_handler.go:14.68,16.2 1 0
expensetracker/handlers/auth_handler.go:18.45,24.47 2 0
expensetracker/handlers/auth_handler.go:24.47,27.3 2 0
expensetracker/handlers/auth_handler.go:29.2,30.16 2 0
expensetracker/handlers/auth_handler.go:30.16,33.3 2 0
expensetracker/handlers/auth_handler.go:35.2,35.46 1 0
expensetracker/handlers/expense_handler.go:239.73,241.2 1 1
expensetracker/handlers/expense_handler.go:255.56,257.47 2 1
expensetracker/handlers/expense_handler.go:257.47,260.3 2 1
expensetracker/handlers/expense_handler.go:261.2,262.45 2 1
expensetracker/handlers/expense_handler.go:262.45,264.3 1 1
expensetracker/handlers/expense_handler.go:265.2,265.47 1 1
expensetracker/handlers/expense_handler.go:265.47,271.3 2 0
expensetracker/handlers/expense_handler.go:272.2,272.33 1 1
expensetracker/handlers/expense_handler.go:285.53,289.16 4 1
expensetracker/handlers/expense_handler.go:289.16,292.3 2 1
expensetracker/handlers/expense_handler.go:293.2,293.28 1 1
expensetracker/handlers/expense_handler.go:309.56,313.47 4 1
expensetracker/handlers/expense_handler.go:313.47,316.3 2 1
expensetracker/handlers/expense_handler.go:317.2,318.47 2 1
expensetracker/handlers/expense_handler.go:318.47,321.3 2 0
expensetracker/handlers/expense_handler.go:322.2,322.28 1 1
expensetracker/handlers/expense_handler.go:335.56,338.46 3 1
expensetracker/handlers/expense_handler.go:338.46,341.3 2 1
expensetracker/handlers/expense_handler.go:342.2,342.52 1 1
expensetracker/handlers/expense_handler.go:360.55,370.16 9 1
expensetracker/handlers/expense_handler.go:370.16,373.3 2 1
expensetracker/handlers/expense_handler.go:374.2,374.28 1 1
expensetracker/handlers/expense_handler.go:390.58,392.13 2 1
expensetracker/handlers/expense_handler.go:392.13,395.3 2 1
expensetracker/handlers/expense_handler.go:396.2,403.16 6 1
expensetracker/handlers/expense_handler.go:403.16,406.3 2 1
expensetracker/handlers/expense_handler.go:407.2,407.32 1 1
expensetracker/repository/expense_repository.go:24.58,26.2 1 0
expensetracker/repository/expense_repository.go:28.61,30.2 1 0
expensetracker/repository/expense_repository.go:32.70,36.2 3 0
expensetracker/repository/expense_repository.go:38.61,40.2 1 0
expensetracker/repository/expense_repository.go:42.50,44.2 1 0
expensetracker/repository/expense_repository.go:46.125,50.34 3 0
expensetracker/repository/expense_repository.go:50.34,52.3 1 0
expensetracker/repository/expense_repository.go:54.2,55.22 2 0
expensetracker/repository/expense_repository.go:58.94,65.16 2 0
expensetracker/repository/expense_repository.go:65.16,67.3 1 0
expensetracker/repository/expense_repository.go:68.2,71.18 3 0
expensetracker/repository/expense_repository.go:71.18,74.54 3 0
expensetracker/repository/expense_repository.go:74.54,76.4 1 0
expensetracker/repository/expense_repository.go:77.3,77.28 1 0
expensetracker/repository/expense_repository.go:79.2,79.21 1 0
